android/app/build/outputs/logs/manifest-merger-debug-report.txt
-- Merging decision tree log ---
manifest
ADDED from src/main/AndroidManifest.xml:1:1-33:12
	package
		ADDED from src/main/AndroidManifest.xml:2:5-32
		INJECTED from src/main/AndroidManifest.xml
		INJECTED from src/main/AndroidManifest.xml
	android:versionName
		INJECTED from src/main/AndroidManifest.xml
		INJECTED from src/main/AndroidManifest.xml
	xmlns:android
		ADDED from src/main/AndroidManifest.xml:1:11-69
	android:versionCode
		INJECTED from src/main/AndroidManifest.xml
		INJECTED from src/main/AndroidManifest.xml
uses-permission#android.permission.INTERNET
ADDED from src/main/AndroidManifest.xml:4:5-67
MERGED from [MyAppointment:react-native-maps:unspecified] AndroidManifest.xml:9:5-67
MERGED from [com.google.android.gms:play-services-maps:9.4.0] AndroidManifest.xml:21:5-66
MERGED from [MyAppointment:react-native-code-push:unspecified] AndroidManifest.xml:11:5-67
	android:name
		ADDED from src/main/AndroidManifest.xml:4:22-64
application
ADDED from src/main/AndroidManifest.xml:6:5-31:19
MERGED from [com.google.android.gms:play-services-maps:9.4.0] AndroidManifest.xml:27:5-20
MERGED from [com.google.android.gms:play-services-base:9.4.0] AndroidManifest.xml:19:5-23:19
MERGED from [com.google.android.gms:play-services-tasks:9.4.0] AndroidManifest.xml:5:5-20
MERGED from [com.google.android.gms:play-services-basement:9.4.0] AndroidManifest.xml:20:5-24:19
MERGED from [MyAppointment:react-native-code-push:unspecified] AndroidManifest.xml:13:5-15:19
MERGED from [com.facebook.react:react-native:0.39.0] AndroidManifest.xml:13:5-20
MERGED from [com.android.support:appcompat-v7:23.0.1] AndroidManifest.xml:22:5-20
MERGED from [com.android.support:support-v4:23.2.1] AndroidManifest.xml:22:5-20
MERGED from [com.facebook.soloader:soloader:0.1.0] AndroidManifest.xml:3:3-17
MERGED from [org.webkit:android-jsc:r174650] AndroidManifest.xml:2:3-17
	android:label
		ADDED from src/main/AndroidManifest.xml:9:7-39
	android:allowBackup
		ADDED from src/main/AndroidManifest.xml:8:7-33
	android:icon
		ADDED from src/main/AndroidManifest.xml:10:7-41
	android:theme
		ADDED from src/main/AndroidManifest.xml:11:7-38
	android:name
		ADDED from src/main/AndroidManifest.xml:7:7-38
meta-data#com.google.android.geo.API_KEY
ADDED from src/main/AndroidManifest.xml:14:9-16:71
	android:value
		ADDED from src/main/AndroidManifest.xml:16:13-68
	android:name
		ADDED from src/main/AndroidManifest.xml:15:13-58
activity#com.myappointment.MainActivity
ADDED from src/main/AndroidManifest.xml:21:7-29:18
	android:label
		ADDED from src/main/AndroidManifest.xml:23:9-41
	android:configChanges
		ADDED from src/main/AndroidManifest.xml:24:9-79
	android:name
		ADDED from src/main/AndroidManifest.xml:22:9-37
intent-filter#android.intent.action.MAIN+android.intent.category.LAUNCHER
ADDED from src/main/AndroidManifest.xml:25:9-28:25
action#android.intent.action.MAIN
ADDED from src/main/AndroidManifest.xml:26:13-65
	android:name
		ADDED from src/main/AndroidManifest.xml:26:21-62
category#android.intent.category.LAUNCHER
ADDED from src/main/AndroidManifest.xml:27:13-73
	android:name
		ADDED from src/main/AndroidManifest.xml:27:23-70
activity#com.facebook.react.devsupport.DevSettingsActivity
ADDED from src/main/AndroidManifest.xml:30:7-84
MERGED from [MyAppointment:react-native-code-push:unspecified] AndroidManifest.xml:14:9-86
	android:name
		ADDED from src/main/AndroidManifest.xml:30:17-81
uses-sdk
INJECTED from src/main/AndroidManifest.xml reason: use-sdk injection requested
MERGED from [com.android.support:multidex:1.0.1] AndroidManifest.xml:18:5-42
MERGED from [MyAppointment:react-native-vector-icons:unspecified] AndroidManifest.xml:7:5-9:41
MERGED from [MyAppointment:react-native-maps:unspecified] AndroidManifest.xml:5:5-7:41
MERGED from [com.google.android.gms:play-services-maps:9.4.0] AndroidManifest.xml:26:5-42
MERGED from [com.google.android.gms:play-services-base:9.4.0] AndroidManifest.xml:18:5-42
MERGED from [com.google.android.gms:play-services-tasks:9.4.0] AndroidManifest.xml:4:5-43
MERGED from [com.google.android.gms:play-services-basement:9.4.0] AndroidManifest.xml:18:5-42
MERGED from [MyAppointment:react-native-code-push:unspecified] AndroidManifest.xml:7:5-9:41
MERGED from [com.facebook.react:react-native:0.39.0] AndroidManifest.xml:7:5-9:41
MERGED from [com.android.support:appcompat-v7:23.0.1] AndroidManifest.xml:20:5-43
MERGED from [com.android.support:recyclerview-v7:23.0.1] AndroidManifest.xml:20:5-43
MERGED from [com.facebook.fresco:fresco:0.11.0] AndroidManifest.xml:5:5-7:41
MERGED from [com.facebook.fresco:drawee:0.11.0] AndroidManifest.xml:5:5-7:41
MERGED from [com.facebook.fresco:imagepipeline-okhttp3:0.11.0] AndroidManifest.xml:5:5-7:41
MERGED from [com.facebook.fresco:imagepipeline:0.11.0] AndroidManifest.xml:5:5-7:41
MERGED from [com.facebook.fresco:imagepipeline-base:0.11.0] AndroidManifest.xml:5:5-7:41
MERGED from [com.android.support:support-v4:23.2.1] AndroidManifest.xml:20:5-43
MERGED from [com.facebook.fresco:fbcore:0.11.0] AndroidManifest.xml:5:5-7:41
MERGED from [com.facebook.soloader:soloader:0.1.0] AndroidManifest.xml:2:3-70
	android:targetSdkVersion
		INJECTED from src/main/AndroidManifest.xml
		INJECTED from src/main/AndroidManifest.xml
	android:minSdkVersion
		INJECTED from src/main/AndroidManifest.xml
		INJECTED from src/main/AndroidManifest.xml
uses-permission#android.permission.ACCESS_COARSE_LOCATION
ADDED from [MyAppointment:react-native-maps:unspecified] AndroidManifest.xml:10:5-81
	android:name
		ADDED from [MyAppointment:react-native-maps:unspecified] AndroidManifest.xml:10:22-78
uses-permission#android.permission.ACCESS_NETWORK_STATE
ADDED from [com.google.android.gms:play-services-maps:9.4.0] AndroidManifest.xml:20:5-78
	android:name
		ADDED from [com.google.android.gms:play-services-maps:9.4.0] AndroidManifest.xml:20:22-76
uses-feature#0x00020000
ADDED from [com.google.android.gms:play-services-maps:9.4.0] AndroidManifest.xml:22:5-24:33
	android:glEsVersion
		ADDED from [com.google.android.gms:play-services-maps:9.4.0] AndroidManifest.xml:23:8-40
	android:required
		ADDED from [com.google.android.gms:play-services-maps:9.4.0] AndroidManifest.xml:24:8-31
activity#com.google.android.gms.common.api.GoogleApiActivity
ADDED from [com.google.android.gms:play-services-base:9.4.0] AndroidManifest.xml:20:9-22:45
	android:exported
		ADDED from [com.google.android.gms:play-services-base:9.4.0] AndroidManifest.xml:22:19-43
	android:theme
		ADDED from [com.google.android.gms:play-services-base:9.4.0] AndroidManifest.xml:21:19-78
	android:name
		ADDED from [com.google.android.gms:play-services-base:9.4.0] AndroidManifest.xml:20:19-85
meta-data#com.google.android.gms.version
ADDED from [com.google.android.gms:play-services-basement:9.4.0] AndroidManifest.xml:21:9-23:69
	android:value
		ADDED from [com.google.android.gms:play-services-basement:9.4.0] AndroidManifest.xml:23:13-66
	android:name
		ADDED from [com.google.android.gms:play-services-basement:9.4.0] AndroidManifest.xml:22:13-58
uses-permission#android.permission.SYSTEM_ALERT_WINDOW
ADDED from [com.facebook.react:react-native:0.39.0] AndroidManifest.xml:11:5-78
	android:name
		ADDED from [com.facebook.react:react-native:0.39.0] AndroidManifest.xml:11:22-75
android:uses-permission#android.permission.WRITE_EXTERNAL_STORAGE
IMPLIED from src/main/AndroidManifest.xml:1:1-33:12 reason: org.webkit.android_jsc has a targetSdkVersion < 4
android:uses-permission#android.permission.READ_PHONE_STATE
IMPLIED from src/main/AndroidManifest.xml:1:1-33:12 reason: org.webkit.android_jsc has a targetSdkVersion < 4
android:uses-permission#android.permission.READ_EXTERNAL_STORAGE
IMPLIED from src/main/AndroidManifest.xml:1:1-33:12 reason: org.webkit.android_jsc requested WRITE_EXTERNAL_STORAGE